<?xml version="1.0" encoding="UTF-8"?>
<!-- Generated by org.testng.reporters.JUnitReportReporter -->
<testsuite skipped="0" hostname="LAPTOP-KABH65JU" name="com.ECFW.ActitimeTEST.TestActitimeLogin" tests="1" failures="0" timestamp="23 Jan 2019 12:05:32 GMT" time="15.709" errors="0">
  <testcase name="actitimeLogin" time="15.709" classname="com.ECFW.ActitimeTEST.TestActitimeLogin"/>
</testsuite> <!-- com.ECFW.ActitimeTEST.TestActitimeLogin -->
